skylite-data/app/build/intermediates/manifest_merge_blame_file/debug/manifest-merger-blame-debug-report.txt
1<?xml version="1.0" encoding="utf-8"?>
2<manifest xmlns:android="http://schemas.android.com/apk/res/android"
3    package="com.example.skylite"
4    android:versionCode="1"
5    android:versionName="1.0" >
6
7    <uses-sdk
8        android:minSdkVersion="26"
8-->src\main\AndroidManifest.xml
9        android:targetSdkVersion="29" />
9-->src\main\AndroidManifest.xml
10
11    <uses-feature
11-->[com.google.vr:sdk-base:1.190.0] AndroidManifest.xml:11:5-13:35
12        android:glEsVersion="0x00020000"
12-->[com.google.vr:sdk-base:1.190.0] AndroidManifest.xml:12:9-41
13        android:required="true" /> <!-- Required to read/write the paired viewer's distortion parameters. -->
13-->[com.google.vr:sdk-base:1.190.0] AndroidManifest.xml:13:9-32
14    <uses-permission android:name="android.permission.READ_EXTERNAL_STORAGE" />
14-->[com.google.vr:sdk-base:1.190.0] AndroidManifest.xml:16:5-80
14-->[com.google.vr:sdk-base:1.190.0] AndroidManifest.xml:16:22-77
15    <uses-permission android:name="android.permission.WRITE_EXTERNAL_STORAGE" /> <!-- Indicates use of Android's VR-mode, available only on Android N+. -->
15-->[com.google.vr:sdk-base:1.190.0] AndroidManifest.xml:17:5-81
15-->[com.google.vr:sdk-base:1.190.0] AndroidManifest.xml:17:22-78
16    <uses-feature
16-->[com.google.vr:sdk-base:1.190.0] AndroidManifest.xml:20:5-22:36
17        android:name="android.software.vr.mode"
17-->[com.google.vr:sdk-base:1.190.0] AndroidManifest.xml:21:9-48
18        android:required="false" /> <!-- Indicates use of VR features that are available only on Daydream-ready devices. -->
18-->[com.google.vr:sdk-base:1.190.0] AndroidManifest.xml:22:9-33
19    <uses-feature
19-->[com.google.vr:sdk-base:1.190.0] AndroidManifest.xml:24:5-26:36
20        android:name="android.hardware.vr.high_performance"
20-->[com.google.vr:sdk-base:1.190.0] AndroidManifest.xml:25:9-60
21        android:required="false" />
21-->[com.google.vr:sdk-base:1.190.0] AndroidManifest.xml:26:9-33
22
23    <application
23-->src\main\AndroidManifest.xml:5:5-23:19
24        android:allowBackup="true"
24-->src\main\AndroidManifest.xml:6:9-35
25        android:appComponentFactory="androidx.core.app.CoreComponentFactory"
25-->[androidx.core:core:1.1.0] AndroidManifest.xml:24:18-86
26        android:debuggable="true"
27        android:icon="@mipmap/ic_launcher"
27-->src\main\AndroidManifest.xml:7:9-43
28        android:label="@string/app_name"
28-->src\main\AndroidManifest.xml:8:9-41
29        android:roundIcon="@mipmap/ic_launcher_round"
29-->src\main\AndroidManifest.xml:9:9-54
30        android:supportsRtl="true"
30-->src\main\AndroidManifest.xml:10:9-35
31        android:testOnly="true"
32        android:theme="@style/AppTheme" >
32-->src\main\AndroidManifest.xml:11:9-40
33        <activity android:name="com.example.skylite.Activities.ActivityTrophy" />
33-->src\main\AndroidManifest.xml:12:9-72
33-->src\main\AndroidManifest.xml:12:19-60
34        <activity android:name="com.example.skylite.Activities.ActivityConstellation" />
34-->src\main\AndroidManifest.xml:13:9-79
34-->src\main\AndroidManifest.xml:13:19-67
35        <activity android:name="com.example.skylite.Activities.ActivityConstellationInfo" />
35-->src\main\AndroidManifest.xml:14:9-83
35-->src\main\AndroidManifest.xml:14:19-71
36        <activity android:name="com.example.skylite.MainActivity" >
36-->src\main\AndroidManifest.xml:15:9-22:20
36-->src\main\AndroidManifest.xml:15:19-47
37            <intent-filter>
37-->src\main\AndroidManifest.xml:16:13-21:29
38                <action android:name="android.intent.action.MAIN" />
38-->src\main\AndroidManifest.xml:17:17-69
38-->src\main\AndroidManifest.xml:17:25-66
39
40                <category android:name="android.intent.category.LAUNCHER" />
40-->src\main\AndroidManifest.xml:20:17-77
40-->src\main\AndroidManifest.xml:20:27-74
41            </intent-filter>
42        </activity>
43
44        <service
44-->[androidx.room:room-runtime:2.2.1] AndroidManifest.xml:25:9-27:40
45            android:name="androidx.room.MultiInstanceInvalidationService"
45-->[androidx.room:room-runtime:2.2.1] AndroidManifest.xml:26:13-74
46            android:exported="false" />
46-->[androidx.room:room-runtime:2.2.1] AndroidManifest.xml:27:13-37
47
48        <provider
48-->[com.squareup.picasso:picasso:2.71828] AndroidManifest.xml:8:9-11:40
49            android:name="com.squareup.picasso.PicassoProvider"
49-->[com.squareup.picasso:picasso:2.71828] AndroidManifest.xml:9:13-64
50            android:authorities="com.example.skylite.com.squareup.picasso"
50-->[com.squareup.picasso:picasso:2.71828] AndroidManifest.xml:10:13-72
51            android:exported="false" />
51-->[com.squareup.picasso:picasso:2.71828] AndroidManifest.xml:11:13-37
52        <provider
52-->[androidx.lifecycle:lifecycle-process:2.2.0-rc02] AndroidManifest.xml:25:9-29:43
53            android:name="androidx.lifecycle.ProcessLifecycleOwnerInitializer"
53-->[androidx.lifecycle:lifecycle-process:2.2.0-rc02] AndroidManifest.xml:26:13-79
54            android:authorities="com.example.skylite.lifecycle-process"
54-->[androidx.lifecycle:lifecycle-process:2.2.0-rc02] AndroidManifest.xml:27:13-69
55            android:exported="false"
55-->[androidx.lifecycle:lifecycle-process:2.2.0-rc02] AndroidManifest.xml:28:13-37
56            android:multiprocess="true" />
56-->[androidx.lifecycle:lifecycle-process:2.2.0-rc02] AndroidManifest.xml:29:13-40
57    </application>
58
59</manifest>